10-10-2022 @ 01:19:24 - ---[ New import started at 2022-10-10 01:19:24 ] PHP Memory: 256 MB, WP Memory: 40 MB
10-10-2022 @ 01:19:24 - Preparing for import.
10-10-2022 @ 01:19:24 - Row :1 - Parsing item.
10-10-2022 @ 01:19:24 - Row :1 - Processing item.
10-10-2022 @ 01:19:24 - Processing users.
10-10-2022 @ 01:19:24 - > &#8220;8&#8221;User imported successfully. ID:8
10-10-2022 @ 01:19:24 - > Finished importing user 8
10-10-2022 @ 01:19:24 - Row :1 - User imported successfully.
10-10-2022 @ 01:19:24 - Row :2 - Parsing item.
10-10-2022 @ 01:19:24 - Row :2 - Processing item.
10-10-2022 @ 01:19:24 - Processing users.
10-10-2022 @ 01:19:24 - > &#8220;9&#8221;User imported successfully. ID:9
10-10-2022 @ 01:19:24 - > Finished importing user 9
10-10-2022 @ 01:19:24 - Row :2 - User imported successfully.
10-10-2022 @ 01:19:24 - Row :3 - Parsing item.
10-10-2022 @ 01:19:24 - Row :3 - Processing item.
10-10-2022 @ 01:19:24 - Processing users.
10-10-2022 @ 01:19:24 - > &#8220;10&#8221;User imported successfully. ID:10
10-10-2022 @ 01:19:24 - > Finished importing user 10
10-10-2022 @ 01:19:24 - Row :3 - User imported successfully.
10-10-2022 @ 01:19:24 - Row :4 - Parsing item.
10-10-2022 @ 01:19:24 - Row :4 - Processing item.
10-10-2022 @ 01:19:24 - Processing users.
10-10-2022 @ 01:19:24 - > &#8220;11&#8221;User imported successfully. ID:11
10-10-2022 @ 01:19:24 - > Finished importing user 11
10-10-2022 @ 01:19:24 - Row :4 - User imported successfully.
10-10-2022 @ 01:19:24 - Row :5 - Parsing item.
10-10-2022 @ 01:19:24 - Row :5 - Processing item.
10-10-2022 @ 01:19:24 - Processing users.
10-10-2022 @ 01:19:25 - > &#8220;12&#8221;User imported successfully. ID:12
10-10-2022 @ 01:19:25 - > Finished importing user 12
10-10-2022 @ 01:19:25 - Row :5 - User imported successfully.
10-10-2022 @ 01:19:25 - Row :6 - Parsing item.
10-10-2022 @ 01:19:25 - Row :6 - Processing item.
10-10-2022 @ 01:19:25 - Processing users.
10-10-2022 @ 01:19:25 - > &#8220;13&#8221;User imported successfully. ID:13
10-10-2022 @ 01:19:25 - > Finished importing user 13
10-10-2022 @ 01:19:25 - Row :6 - User imported successfully.
10-10-2022 @ 01:19:25 - Row :7 - Parsing item.
10-10-2022 @ 01:19:25 - Row :7 - Processing item.
10-10-2022 @ 01:19:25 - Processing users.
10-10-2022 @ 01:19:25 - > &#8220;14&#8221;User imported successfully. ID:14
10-10-2022 @ 01:19:25 - > Finished importing user 14
10-10-2022 @ 01:19:25 - Row :7 - User imported successfully.
10-10-2022 @ 01:19:25 - Row :8 - Parsing item.
10-10-2022 @ 01:19:25 - Row :8 - Processing item.
10-10-2022 @ 01:19:25 - Processing users.
10-10-2022 @ 01:19:25 - > &#8220;15&#8221;User imported successfully. ID:15
10-10-2022 @ 01:19:25 - > Finished importing user 15
10-10-2022 @ 01:19:25 - Row :8 - User imported successfully.
10-10-2022 @ 01:19:25 - Row :9 - Parsing item.
10-10-2022 @ 01:19:25 - Row :9 - Processing item.
10-10-2022 @ 01:19:25 - Processing users.
10-10-2022 @ 01:19:25 - > &#8220;16&#8221;User imported successfully. ID:16
10-10-2022 @ 01:19:25 - > Finished importing user 16
10-10-2022 @ 01:19:25 - Row :9 - User imported successfully.
10-10-2022 @ 01:19:25 - Row :10 - Parsing item.
10-10-2022 @ 01:19:25 - Row :10 - Processing item.
10-10-2022 @ 01:19:25 - Processing users.
10-10-2022 @ 01:19:25 - > &#8220;17&#8221;User imported successfully. ID:17
10-10-2022 @ 01:19:25 - > Finished importing user 17
10-10-2022 @ 01:19:25 - Row :10 - User imported successfully.
10-10-2022 @ 01:19:25 - Preparing for import.
10-10-2022 @ 01:19:25 - Row :11 - Parsing item.
10-10-2022 @ 01:19:25 - Row :11 - Processing item.
10-10-2022 @ 01:19:25 - Processing users.
10-10-2022 @ 01:19:25 - > &#8220;18&#8221;User imported successfully. ID:18
10-10-2022 @ 01:19:25 - > Finished importing user 18
10-10-2022 @ 01:19:25 - Row :11 - User imported successfully.
10-10-2022 @ 01:19:25 - Row :12 - Parsing item.
10-10-2022 @ 01:19:25 - Row :12 - Processing item.
10-10-2022 @ 01:19:25 - Processing users.
10-10-2022 @ 01:19:25 - > &#8220;19&#8221;User imported successfully. ID:19
10-10-2022 @ 01:19:25 - > Finished importing user 19
10-10-2022 @ 01:19:25 - Row :12 - User imported successfully.
10-10-2022 @ 01:19:25 - Row :13 - Parsing item.
10-10-2022 @ 01:19:25 - Row :13 - Processing item.
10-10-2022 @ 01:19:25 - Processing users.
10-10-2022 @ 01:19:25 - > &#8220;20&#8221;User imported successfully. ID:20
10-10-2022 @ 01:19:25 - > Finished importing user 20
10-10-2022 @ 01:19:25 - Row :13 - User imported successfully.
10-10-2022 @ 01:19:25 - Row :14 - Parsing item.
10-10-2022 @ 01:19:25 - Row :14 - Processing item.
10-10-2022 @ 01:19:25 - Processing users.
10-10-2022 @ 01:19:25 - > &#8220;21&#8221;User imported successfully. ID:21
10-10-2022 @ 01:19:25 - > Finished importing user 21
10-10-2022 @ 01:19:25 - Row :14 - User imported successfully.
10-10-2022 @ 01:19:25 - Row :15 - Parsing item.
10-10-2022 @ 01:19:25 - Row :15 - Processing item.
10-10-2022 @ 01:19:25 - Processing users.
10-10-2022 @ 01:19:25 - > &#8220;22&#8221;User imported successfully. ID:22
10-10-2022 @ 01:19:25 - > Finished importing user 22
10-10-2022 @ 01:19:25 - Row :15 - User imported successfully.
10-10-2022 @ 01:19:25 - Row :16 - Parsing item.
10-10-2022 @ 01:19:25 - Row :16 - Processing item.
10-10-2022 @ 01:19:25 - Processing users.
10-10-2022 @ 01:19:26 - > &#8220;23&#8221;User imported successfully. ID:23
10-10-2022 @ 01:19:26 - > Finished importing user 23
10-10-2022 @ 01:19:26 - Row :16 - User imported successfully.
10-10-2022 @ 01:19:26 - Row :17 - Parsing item.
10-10-2022 @ 01:19:26 - Row :17 - Processing item.
10-10-2022 @ 01:19:26 - Processing users.
10-10-2022 @ 01:19:26 - > &#8220;24&#8221;User imported successfully. ID:24
10-10-2022 @ 01:19:26 - > Finished importing user 24
10-10-2022 @ 01:19:26 - Row :17 - User imported successfully.
10-10-2022 @ 01:19:26 - Row :18 - Parsing item.
10-10-2022 @ 01:19:26 - Row :18 - Processing item.
10-10-2022 @ 01:19:26 - Processing users.
10-10-2022 @ 01:19:26 - > &#8220;25&#8221;User imported successfully. ID:25
10-10-2022 @ 01:19:26 - > Finished importing user 25
10-10-2022 @ 01:19:26 - Row :18 - User imported successfully.
10-10-2022 @ 01:19:26 - Row :19 - Parsing item.
10-10-2022 @ 01:19:26 - Row :19 - Processing item.
10-10-2022 @ 01:19:26 - Processing users.
10-10-2022 @ 01:19:26 - > &#8220;26&#8221;User imported successfully. ID:26
10-10-2022 @ 01:19:26 - > Finished importing user 26
10-10-2022 @ 01:19:26 - Row :19 - User imported successfully.
10-10-2022 @ 01:19:26 - Row :20 - Parsing item.
10-10-2022 @ 01:19:26 - Row :20 - Processing item.
10-10-2022 @ 01:19:26 - Processing users.
10-10-2022 @ 01:19:26 - > &#8220;27&#8221;User imported successfully. ID:27
10-10-2022 @ 01:19:26 - > Finished importing user 27
10-10-2022 @ 01:19:26 - Row :20 - User imported successfully.
10-10-2022 @ 01:19:26 - Preparing for import.
10-10-2022 @ 01:19:26 - Row :21 - Parsing item.
10-10-2022 @ 01:19:26 - Row :21 - Processing item.
10-10-2022 @ 01:19:26 - Processing users.
10-10-2022 @ 01:19:26 - > &#8220;28&#8221;User imported successfully. ID:28
10-10-2022 @ 01:19:26 - > Finished importing user 28
10-10-2022 @ 01:19:26 - Row :21 - User imported successfully.
10-10-2022 @ 01:19:26 - Row :22 - Parsing item.
10-10-2022 @ 01:19:26 - Row :22 - Processing item.
10-10-2022 @ 01:19:26 - Processing users.
10-10-2022 @ 01:19:26 - > &#8220;29&#8221;User imported successfully. ID:29
10-10-2022 @ 01:19:26 - > Finished importing user 29
10-10-2022 @ 01:19:26 - Row :22 - User imported successfully.
10-10-2022 @ 01:19:26 - Row :23 - Parsing item.
10-10-2022 @ 01:19:26 - Row :23 - Processing item.
10-10-2022 @ 01:19:26 - Processing users.
10-10-2022 @ 01:19:26 - > &#8220;30&#8221;User imported successfully. ID:30
10-10-2022 @ 01:19:26 - > Finished importing user 30
10-10-2022 @ 01:19:26 - Row :23 - User imported successfully.
10-10-2022 @ 01:19:26 - Row :24 - Parsing item.
10-10-2022 @ 01:19:26 - Row :24 - Processing item.
10-10-2022 @ 01:19:26 - Processing users.
10-10-2022 @ 01:19:26 - > &#8220;31&#8221;User imported successfully. ID:31
10-10-2022 @ 01:19:26 - > Finished importing user 31
10-10-2022 @ 01:19:26 - Row :24 - User imported successfully.
10-10-2022 @ 01:19:26 - Row :25 - Parsing item.
10-10-2022 @ 01:19:26 - Row :25 - Processing item.
10-10-2022 @ 01:19:26 - Processing users.
10-10-2022 @ 01:19:26 - > &#8220;32&#8221;User imported successfully. ID:32
10-10-2022 @ 01:19:26 - > Finished importing user 32
10-10-2022 @ 01:19:26 - Row :25 - User imported successfully.
10-10-2022 @ 01:19:26 - Row :26 - Parsing item.
10-10-2022 @ 01:19:26 - Row :26 - Processing item.
10-10-2022 @ 01:19:26 - Processing users.
10-10-2022 @ 01:19:26 - > &#8220;33&#8221;User imported successfully. ID:33
10-10-2022 @ 01:19:26 - > Finished importing user 33
10-10-2022 @ 01:19:26 - Row :26 - User imported successfully.
10-10-2022 @ 01:19:26 - Row :27 - Parsing item.
10-10-2022 @ 01:19:26 - Row :27 - Processing item.
10-10-2022 @ 01:19:26 - Processing users.
10-10-2022 @ 01:19:26 - > &#8220;34&#8221;User imported successfully. ID:34
10-10-2022 @ 01:19:26 - > Finished importing user 34
10-10-2022 @ 01:19:26 - Row :27 - User imported successfully.
10-10-2022 @ 01:19:26 - Row :28 - Parsing item.
10-10-2022 @ 01:19:26 - Row :28 - Processing item.
10-10-2022 @ 01:19:26 - Processing users.
10-10-2022 @ 01:19:27 - > &#8220;35&#8221;User imported successfully. ID:35
10-10-2022 @ 01:19:27 - > Finished importing user 35
10-10-2022 @ 01:19:27 - Row :28 - User imported successfully.
10-10-2022 @ 01:19:27 - Row :29 - Parsing item.
10-10-2022 @ 01:19:27 - Row :29 - Processing item.
10-10-2022 @ 01:19:27 - Processing users.
10-10-2022 @ 01:19:27 - > &#8220;36&#8221;User imported successfully. ID:36
10-10-2022 @ 01:19:27 - > Finished importing user 36
10-10-2022 @ 01:19:27 - Row :29 - User imported successfully.
10-10-2022 @ 01:19:27 - Row :30 - Parsing item.
10-10-2022 @ 01:19:27 - Row :30 - Processing item.
10-10-2022 @ 01:19:27 - Processing users.
10-10-2022 @ 01:19:27 - > &#8220;37&#8221;User imported successfully. ID:37
10-10-2022 @ 01:19:27 - > Finished importing user 37
10-10-2022 @ 01:19:27 - Row :30 - User imported successfully.
10-10-2022 @ 01:19:27 - Preparing for import.
10-10-2022 @ 01:19:27 - Row :31 - Parsing item.
10-10-2022 @ 01:19:27 - Row :31 - Processing item.
10-10-2022 @ 01:19:27 - Processing users.
10-10-2022 @ 01:19:27 - > &#8220;38&#8221;User imported successfully. ID:38
10-10-2022 @ 01:19:27 - > Finished importing user 38
10-10-2022 @ 01:19:27 - Row :31 - User imported successfully.
10-10-2022 @ 01:19:27 - Row :32 - Parsing item.
10-10-2022 @ 01:19:27 - Row :32 - Processing item.
10-10-2022 @ 01:19:27 - Processing users.
10-10-2022 @ 01:19:27 - > &#8220;39&#8221;User imported successfully. ID:39
10-10-2022 @ 01:19:27 - > Finished importing user 39
10-10-2022 @ 01:19:27 - Row :32 - User imported successfully.
10-10-2022 @ 01:19:27 - Row :33 - Parsing item.
10-10-2022 @ 01:19:27 - Row :33 - Processing item.
10-10-2022 @ 01:19:27 - Processing users.
10-10-2022 @ 01:19:27 - > &#8220;40&#8221;User imported successfully. ID:40
10-10-2022 @ 01:19:27 - > Finished importing user 40
10-10-2022 @ 01:19:27 - Row :33 - User imported successfully.
10-10-2022 @ 01:19:27 - Row :34 - Parsing item.
10-10-2022 @ 01:19:27 - Row :34 - Processing item.
10-10-2022 @ 01:19:27 - Processing users.
10-10-2022 @ 01:19:27 - > &#8220;41&#8221;User imported successfully. ID:41
10-10-2022 @ 01:19:27 - > Finished importing user 41
10-10-2022 @ 01:19:27 - Row :34 - User imported successfully.
10-10-2022 @ 01:19:27 - Row :35 - Parsing item.
10-10-2022 @ 01:19:27 - Row :35 - Processing item.
10-10-2022 @ 01:19:27 - Processing users.
10-10-2022 @ 01:19:27 - > &#8220;42&#8221;User imported successfully. ID:42
10-10-2022 @ 01:19:27 - > Finished importing user 42
10-10-2022 @ 01:19:27 - Row :35 - User imported successfully.
10-10-2022 @ 01:19:27 - Row :36 - Parsing item.
10-10-2022 @ 01:19:27 - Row :36 - Processing item.
10-10-2022 @ 01:19:27 - Processing users.
10-10-2022 @ 01:19:27 - > &#8220;43&#8221;User imported successfully. ID:43
10-10-2022 @ 01:19:27 - > Finished importing user 43
10-10-2022 @ 01:19:27 - Row :36 - User imported successfully.
10-10-2022 @ 01:19:27 - Row :37 - Parsing item.
10-10-2022 @ 01:19:27 - Row :37 - Processing item.
10-10-2022 @ 01:19:27 - Processing users.
10-10-2022 @ 01:19:27 - > &#8220;44&#8221;User imported successfully. ID:44
10-10-2022 @ 01:19:27 - > Finished importing user 44
10-10-2022 @ 01:19:27 - Row :37 - User imported successfully.
10-10-2022 @ 01:19:27 - Row :38 - Parsing item.
10-10-2022 @ 01:19:27 - Row :38 - Processing item.
10-10-2022 @ 01:19:27 - Processing users.
10-10-2022 @ 01:19:27 - > &#8220;45&#8221;User imported successfully. ID:45
10-10-2022 @ 01:19:27 - > Finished importing user 45
10-10-2022 @ 01:19:27 - Row :38 - User imported successfully.
10-10-2022 @ 01:19:27 - Row :39 - Parsing item.
10-10-2022 @ 01:19:27 - Row :39 - Processing item.
10-10-2022 @ 01:19:27 - Processing users.
10-10-2022 @ 01:19:28 - > &#8220;46&#8221;User imported successfully. ID:46
10-10-2022 @ 01:19:28 - > Finished importing user 46
10-10-2022 @ 01:19:28 - Row :39 - User imported successfully.
10-10-2022 @ 01:19:28 - Row :40 - Parsing item.
10-10-2022 @ 01:19:28 - > skipped: cannot insert user without email.
10-10-2022 @ 01:19:28 - Row :40 - Parsing failed. Reason: > skipped: cannot insert user without email.
10-10-2022 @ 01:19:28 - Preparing for import.
10-10-2022 @ 01:19:28 - Row :41 - Parsing item.
10-10-2022 @ 01:19:28 - Row :41 - Processing item.
10-10-2022 @ 01:19:28 - Processing users.
10-10-2022 @ 01:19:28 - > &#8220;47&#8221;User imported successfully. ID:47
10-10-2022 @ 01:19:28 - > Finished importing user 47
10-10-2022 @ 01:19:28 - Row :41 - User imported successfully.
10-10-2022 @ 01:19:28 - Row :42 - Parsing item.
10-10-2022 @ 01:19:28 - Row :42 - Processing item.
10-10-2022 @ 01:19:28 - Processing users.
10-10-2022 @ 01:19:28 - > &#8220;48&#8221;User imported successfully. ID:48
10-10-2022 @ 01:19:28 - > Finished importing user 48
10-10-2022 @ 01:19:28 - Row :42 - User imported successfully.
10-10-2022 @ 01:19:28 - Row :43 - Parsing item.
10-10-2022 @ 01:19:28 - Row :43 - Parsing failed. Reason: User with same Email already exists. Email: 19965664@student.westernsydney.edu.au
10-10-2022 @ 01:19:28 - ---[ Import ended at 2022-10-10 01:19:28]---
